<?xml version="1.0" encoding="UTF-8"?>
<testsuite name="dev.bennett.daotests.AccountDaoTest" tests="5" skipped="0" failures="0" errors="0" timestamp="2021-02-24T16:03:48" hostname="DESKTOP-K32NG96" time="8.114">
  <properties/>
  <testcase name="createAccountTest()" classname="dev.bennett.daotests.AccountDaoTest" time="1.312"/>
  <testcase name="getAllAccountsTest()" classname="dev.bennett.daotests.AccountDaoTest" time="2.275"/>
  <testcase name="getAccountByIDTest()" classname="dev.bennett.daotests.AccountDaoTest" time="0.739"/>
  <testcase name="updateAccountTest()" classname="dev.bennett.daotests.AccountDaoTest" time="2.296"/>
  <testcase name="deleteAccountByIdTest()" classname="dev.bennett.daotests.AccountDaoTest" time="1.486"/>
  <system-out><![CDATA[]]></system-out>
  <system-err><![CDATA[]]></system-err>
</testsuite>
